
*** Running vivado
    with args -log Top_Student.vds -m64 -product Vivado -mode batch -messageDb vivado.pb -notrace -source Top_Student.tcl


****** Vivado v2018.2 (64-bit)
  **** SW Build 2258646 on Thu Jun 14 20:03:12 MDT 2018
  **** IP Build 2256618 on Thu Jun 14 22:10:49 MDT 2018
    ** Copyright 1986-2018 Xilinx, Inc. All Rights Reserved.

source Top_Student.tcl -notrace
Command: synth_design -top Top_Student -part xc7a35tcpg236-1
Starting synth_design
Attempting to get a license for feature 'Synthesis' and/or device 'xc7a35t'
INFO: [Common 17-349] Got license for feature 'Synthesis' and/or device 'xc7a35t'
INFO: Launching helper process for spawning children vivado processes
INFO: Helper process launched with PID 9948 
---------------------------------------------------------------------------------
Starting RTL Elaboration : Time (s): cpu = 00:00:02 ; elapsed = 00:00:02 . Memory (MB): peak = 356.160 ; gain = 99.527
---------------------------------------------------------------------------------
INFO: [Synth 8-6157] synthesizing module 'Top_Student' [C:/Users/nicho/Desktop/SoundDisplay/SoundDisplay.srcs/sources_1/new/Top_Student.v:18]
INFO: [Synth 8-3876] $readmem data file 'mainmenu.mem' is read successfully [C:/Users/nicho/Desktop/SoundDisplay/SoundDisplay.srcs/sources_1/new/Top_Student.v:38]
INFO: [Synth 8-3876] $readmem data file 'mainmenu2.mem' is read successfully [C:/Users/nicho/Desktop/SoundDisplay/SoundDisplay.srcs/sources_1/new/Top_Student.v:39]
INFO: [Synth 8-3876] $readmem data file 'med_easy.mem' is read successfully [C:/Users/nicho/Desktop/SoundDisplay/SoundDisplay.srcs/sources_1/new/Top_Student.v:184]
INFO: [Synth 8-3876] $readmem data file 'med_hard.mem' is read successfully [C:/Users/nicho/Desktop/SoundDisplay/SoundDisplay.srcs/sources_1/new/Top_Student.v:185]
INFO: [Synth 8-3876] $readmem data file 'med_lower.mem' is read successfully [C:/Users/nicho/Desktop/SoundDisplay/SoundDisplay.srcs/sources_1/new/Top_Student.v:186]
INFO: [Synth 8-3876] $readmem data file 'med_higher.mem' is read successfully [C:/Users/nicho/Desktop/SoundDisplay/SoundDisplay.srcs/sources_1/new/Top_Student.v:187]
INFO: [Synth 8-3876] $readmem data file 'med_maintain.mem' is read successfully [C:/Users/nicho/Desktop/SoundDisplay/SoundDisplay.srcs/sources_1/new/Top_Student.v:188]
INFO: [Synth 8-6157] synthesizing module 'clk_sel' [C:/Users/nicho/Desktop/SoundDisplay/SoundDisplay.srcs/sources_1/new/clk_sel.v:23]
INFO: [Synth 8-6155] done synthesizing module 'clk_sel' (1#1) [C:/Users/nicho/Desktop/SoundDisplay/SoundDisplay.srcs/sources_1/new/clk_sel.v:23]
INFO: [Synth 8-6157] synthesizing module 'Audio_Capture' [C:/Users/nicho/Desktop/SoundDisplay/SoundDisplay.srcs/sources_1/new/Audio_Capture.v:25]
INFO: [Synth 8-6155] done synthesizing module 'Audio_Capture' (2#1) [C:/Users/nicho/Desktop/SoundDisplay/SoundDisplay.srcs/sources_1/new/Audio_Capture.v:25]
INFO: [Synth 8-6157] synthesizing module 'Oled_Display' [C:/Users/nicho/Desktop/SoundDisplay/SoundDisplay.srcs/sources_1/new/Oled_Display.v:36]
	Parameter Width bound to: 96 - type: integer 
	Parameter Height bound to: 64 - type: integer 
	Parameter PixelCount bound to: 6144 - type: integer 
	Parameter PixelCountWidth bound to: 13 - type: integer 
	Parameter ClkFreq bound to: 6250000 - type: integer 
	Parameter FrameFreq bound to: 60 - type: integer 
	Parameter FrameDiv bound to: 104166 - type: integer 
	Parameter FrameDivWidth bound to: 17 - type: integer 
	Parameter PowerDelay bound to: 20 - type: integer 
	Parameter ResetDelay bound to: 3 - type: integer 
	Parameter VccEnDelay bound to: 20 - type: integer 
	Parameter StartupCompleteDelay bound to: 100 - type: integer 
	Parameter MaxDelay bound to: 100 - type: integer 
	Parameter MaxDelayCount bound to: 625000 - type: integer 
	Parameter StateCount bound to: 32 - type: integer 
	Parameter StateWidth bound to: 5 - type: integer 
	Parameter PowerUp bound to: 5'b00000 
	Parameter Reset bound to: 5'b00001 
	Parameter ReleaseReset bound to: 5'b00011 
	Parameter EnableDriver bound to: 5'b00010 
	Parameter DisplayOff bound to: 5'b00110 
	Parameter SetRemapDisplayFormat bound to: 5'b00111 
	Parameter SetStartLine bound to: 5'b00101 
	Parameter SetOffset bound to: 5'b00100 
	Parameter SetNormalDisplay bound to: 5'b01100 
	Parameter SetMultiplexRatio bound to: 5'b01101 
	Parameter SetMasterConfiguration bound to: 5'b01111 
	Parameter DisablePowerSave bound to: 5'b01110 
	Parameter SetPhaseAdjust bound to: 5'b01010 
	Parameter SetDisplayClock bound to: 5'b01011 
	Parameter SetSecondPrechargeA bound to: 5'b01001 
	Parameter SetSecondPrechargeB bound to: 5'b01000 
	Parameter SetSecondPrechargeC bound to: 5'b11000 
	Parameter SetPrechargeLevel bound to: 5'b11001 
	Parameter SetVCOMH bound to: 5'b11011 
	Parameter SetMasterCurrent bound to: 5'b11010 
	Parameter SetContrastA bound to: 5'b11110 
	Parameter SetContrastB bound to: 5'b11111 
	Parameter SetContrastC bound to: 5'b11101 
	Parameter DisableScrolling bound to: 5'b11100 
	Parameter ClearScreen bound to: 5'b10100 
	Parameter VccEn bound to: 5'b10101 
	Parameter DisplayOn bound to: 5'b10111 
	Parameter PrepareNextFrame bound to: 5'b10110 
	Parameter SetColAddress bound to: 5'b10010 
	Parameter SetRowAddress bound to: 5'b10011 
	Parameter WaitNextFrame bound to: 5'b10001 
	Parameter SendPixel bound to: 5'b10000 
	Parameter SpiCommandMaxWidth bound to: 40 - type: integer 
	Parameter SpiCommandBitCountWidth bound to: 6 - type: integer 
INFO: [Synth 8-226] default block is never used [C:/Users/nicho/Desktop/SoundDisplay/SoundDisplay.srcs/sources_1/new/Oled_Display.v:124]
INFO: [Synth 8-226] default block is never used [C:/Users/nicho/Desktop/SoundDisplay/SoundDisplay.srcs/sources_1/new/Oled_Display.v:201]
WARNING: [Synth 8-693] zero replication count - replication ignored [C:/Users/nicho/Desktop/SoundDisplay/SoundDisplay.srcs/sources_1/new/Oled_Display.v:349]
INFO: [Synth 8-6155] done synthesizing module 'Oled_Display' (3#1) [C:/Users/nicho/Desktop/SoundDisplay/SoundDisplay.srcs/sources_1/new/Oled_Display.v:36]
INFO: [Synth 8-6157] synthesizing module 'test_mod' [C:/Users/nicho/Desktop/SoundDisplay/SoundDisplay.srcs/sources_1/new/test_mod.v:22]
INFO: [Synth 8-3876] $readmem data file 'hiit_menu.mem' is read successfully [C:/Users/nicho/Desktop/SoundDisplay/SoundDisplay.srcs/sources_1/new/test_mod.v:61]
INFO: [Synth 8-3876] $readmem data file 'select_workout.mem' is read successfully [C:/Users/nicho/Desktop/SoundDisplay/SoundDisplay.srcs/sources_1/new/test_mod.v:62]
INFO: [Synth 8-3876] $readmem data file 'select_workout2.mem' is read successfully [C:/Users/nicho/Desktop/SoundDisplay/SoundDisplay.srcs/sources_1/new/test_mod.v:63]
INFO: [Synth 8-3876] $readmem data file 'getready.mem' is read successfully [C:/Users/nicho/Desktop/SoundDisplay/SoundDisplay.srcs/sources_1/new/test_mod.v:64]
INFO: [Synth 8-3876] $readmem data file 'kneebent0.mem' is read successfully [C:/Users/nicho/Desktop/SoundDisplay/SoundDisplay.srcs/sources_1/new/test_mod.v:65]
INFO: [Synth 8-3876] $readmem data file 'restcycle.mem' is read successfully [C:/Users/nicho/Desktop/SoundDisplay/SoundDisplay.srcs/sources_1/new/test_mod.v:66]
INFO: [Synth 8-3876] $readmem data file 'completion.mem' is read successfully [C:/Users/nicho/Desktop/SoundDisplay/SoundDisplay.srcs/sources_1/new/test_mod.v:67]
INFO: [Synth 8-3876] $readmem data file 'pushup0.mem' is read successfully [C:/Users/nicho/Desktop/SoundDisplay/SoundDisplay.srcs/sources_1/new/test_mod.v:68]
INFO: [Synth 8-3876] $readmem data file 'pushup1.mem' is read successfully [C:/Users/nicho/Desktop/SoundDisplay/SoundDisplay.srcs/sources_1/new/test_mod.v:69]
INFO: [Synth 8-3876] $readmem data file 'situp0.mem' is read successfully [C:/Users/nicho/Desktop/SoundDisplay/SoundDisplay.srcs/sources_1/new/test_mod.v:70]
INFO: [Synth 8-3876] $readmem data file 'situp1.mem' is read successfully [C:/Users/nicho/Desktop/SoundDisplay/SoundDisplay.srcs/sources_1/new/test_mod.v:71]
INFO: [Synth 8-3876] $readmem data file 'squat0.mem' is read successfully [C:/Users/nicho/Desktop/SoundDisplay/SoundDisplay.srcs/sources_1/new/test_mod.v:72]
INFO: [Synth 8-3876] $readmem data file 'squat1.mem' is read successfully [C:/Users/nicho/Desktop/SoundDisplay/SoundDisplay.srcs/sources_1/new/test_mod.v:73]
INFO: [Synth 8-3876] $readmem data file 'jumpingjacks0.mem' is read successfully [C:/Users/nicho/Desktop/SoundDisplay/SoundDisplay.srcs/sources_1/new/test_mod.v:74]
INFO: [Synth 8-3876] $readmem data file 'jumpingjacks1.mem' is read successfully [C:/Users/nicho/Desktop/SoundDisplay/SoundDisplay.srcs/sources_1/new/test_mod.v:75]
INFO: [Synth 8-3876] $readmem data file 'legraise0.mem' is read successfully [C:/Users/nicho/Desktop/SoundDisplay/SoundDisplay.srcs/sources_1/new/test_mod.v:76]
INFO: [Synth 8-3876] $readmem data file 'legraise1.mem' is read successfully [C:/Users/nicho/Desktop/SoundDisplay/SoundDisplay.srcs/sources_1/new/test_mod.v:77]
INFO: [Synth 8-3876] $readmem data file 'kangaroohop0.mem' is read successfully [C:/Users/nicho/Desktop/SoundDisplay/SoundDisplay.srcs/sources_1/new/test_mod.v:78]
INFO: [Synth 8-3876] $readmem data file 'kangaroohop1.mem' is read successfully [C:/Users/nicho/Desktop/SoundDisplay/SoundDisplay.srcs/sources_1/new/test_mod.v:79]
INFO: [Synth 8-3876] $readmem data file 'lunges0.mem' is read successfully [C:/Users/nicho/Desktop/SoundDisplay/SoundDisplay.srcs/sources_1/new/test_mod.v:80]
INFO: [Synth 8-3876] $readmem data file 'lunges1.mem' is read successfully [C:/Users/nicho/Desktop/SoundDisplay/SoundDisplay.srcs/sources_1/new/test_mod.v:81]
INFO: [Synth 8-3876] $readmem data file 'bearcrawl0.mem' is read successfully [C:/Users/nicho/Desktop/SoundDisplay/SoundDisplay.srcs/sources_1/new/test_mod.v:82]
INFO: [Synth 8-3876] $readmem data file 'bearcrawl1.mem' is read successfully [C:/Users/nicho/Desktop/SoundDisplay/SoundDisplay.srcs/sources_1/new/test_mod.v:83]
WARNING: [Synth 8-6090] variable 'debouncing_count' is written by both blocking and non-blocking assignments, entire logic could be removed [C:/Users/nicho/Desktop/SoundDisplay/SoundDisplay.srcs/sources_1/new/test_mod.v:141]
WARNING: [Synth 8-6090] variable 'debouncing_count' is written by both blocking and non-blocking assignments, entire logic could be removed [C:/Users/nicho/Desktop/SoundDisplay/SoundDisplay.srcs/sources_1/new/test_mod.v:168]
WARNING: [Synth 8-6090] variable 'selected_workout' is written by both blocking and non-blocking assignments, entire logic could be removed [C:/Users/nicho/Desktop/SoundDisplay/SoundDisplay.srcs/sources_1/new/test_mod.v:171]
WARNING: [Synth 8-6090] variable 'debouncing_count' is written by both blocking and non-blocking assignments, entire logic could be removed [C:/Users/nicho/Desktop/SoundDisplay/SoundDisplay.srcs/sources_1/new/test_mod.v:176]
WARNING: [Synth 8-6090] variable 'debouncing_count' is written by both blocking and non-blocking assignments, entire logic could be removed [C:/Users/nicho/Desktop/SoundDisplay/SoundDisplay.srcs/sources_1/new/test_mod.v:187]
WARNING: [Synth 8-6090] variable 'selected_workout' is written by both blocking and non-blocking assignments, entire logic could be removed [C:/Users/nicho/Desktop/SoundDisplay/SoundDisplay.srcs/sources_1/new/test_mod.v:190]
WARNING: [Synth 8-6090] variable 'debouncing_count' is written by both blocking and non-blocking assignments, entire logic could be removed [C:/Users/nicho/Desktop/SoundDisplay/SoundDisplay.srcs/sources_1/new/test_mod.v:195]
WARNING: [Synth 8-6090] variable 'one_sec_count' is written by both blocking and non-blocking assignments, entire logic could be removed [C:/Users/nicho/Desktop/SoundDisplay/SoundDisplay.srcs/sources_1/new/test_mod.v:207]
WARNING: [Synth 8-6090] variable 'timer' is written by both blocking and non-blocking assignments, entire logic could be removed [C:/Users/nicho/Desktop/SoundDisplay/SoundDisplay.srcs/sources_1/new/test_mod.v:209]
WARNING: [Synth 8-6090] variable 'timer' is written by both blocking and non-blocking assignments, entire logic could be removed [C:/Users/nicho/Desktop/SoundDisplay/SoundDisplay.srcs/sources_1/new/test_mod.v:219]
WARNING: [Synth 8-6090] variable 'debouncing_count' is written by both blocking and non-blocking assignments, entire logic could be removed [C:/Users/nicho/Desktop/SoundDisplay/SoundDisplay.srcs/sources_1/new/test_mod.v:223]
WARNING: [Synth 8-6090] variable 'timer' is written by both blocking and non-blocking assignments, entire logic could be removed [C:/Users/nicho/Desktop/SoundDisplay/SoundDisplay.srcs/sources_1/new/test_mod.v:227]
WARNING: [Synth 8-6090] variable 'timer' is written by both blocking and non-blocking assignments, entire logic could be removed [C:/Users/nicho/Desktop/SoundDisplay/SoundDisplay.srcs/sources_1/new/test_mod.v:231]
WARNING: [Synth 8-6090] variable 'remaining' is written by both blocking and non-blocking assignments, entire logic could be removed [C:/Users/nicho/Desktop/SoundDisplay/SoundDisplay.srcs/sources_1/new/test_mod.v:236]
WARNING: [Synth 8-6090] variable 'led_hiit' is written by both blocking and non-blocking assignments, entire logic could be removed [C:/Users/nicho/Desktop/SoundDisplay/SoundDisplay.srcs/sources_1/new/test_mod.v:308]
WARNING: [Synth 8-6090] variable 'led_hiit' is written by both blocking and non-blocking assignments, entire logic could be removed [C:/Users/nicho/Desktop/SoundDisplay/SoundDisplay.srcs/sources_1/new/test_mod.v:310]
WARNING: [Synth 8-6090] variable 'led_hiit' is written by both blocking and non-blocking assignments, entire logic could be removed [C:/Users/nicho/Desktop/SoundDisplay/SoundDisplay.srcs/sources_1/new/test_mod.v:312]
WARNING: [Synth 8-6090] variable 'led_hiit' is written by both blocking and non-blocking assignments, entire logic could be removed [C:/Users/nicho/Desktop/SoundDisplay/SoundDisplay.srcs/sources_1/new/test_mod.v:314]
WARNING: [Synth 8-6090] variable 'led_hiit' is written by both blocking and non-blocking assignments, entire logic could be removed [C:/Users/nicho/Desktop/SoundDisplay/SoundDisplay.srcs/sources_1/new/test_mod.v:316]
WARNING: [Synth 8-6090] variable 'led_hiit' is written by both blocking and non-blocking assignments, entire logic could be removed [C:/Users/nicho/Desktop/SoundDisplay/SoundDisplay.srcs/sources_1/new/test_mod.v:318]
WARNING: [Synth 8-6090] variable 'led_hiit' is written by both blocking and non-blocking assignments, entire logic could be removed [C:/Users/nicho/Desktop/SoundDisplay/SoundDisplay.srcs/sources_1/new/test_mod.v:320]
WARNING: [Synth 8-6090] variable 'led_hiit' is written by both blocking and non-blocking assignments, entire logic could be removed [C:/Users/nicho/Desktop/SoundDisplay/SoundDisplay.srcs/sources_1/new/test_mod.v:322]
WARNING: [Synth 8-6090] variable 'led_hiit' is written by both blocking and non-blocking assignments, entire logic could be removed [C:/Users/nicho/Desktop/SoundDisplay/SoundDisplay.srcs/sources_1/new/test_mod.v:324]
WARNING: [Synth 8-6090] variable 'led_hiit' is written by both blocking and non-blocking assignments, entire logic could be removed [C:/Users/nicho/Desktop/SoundDisplay/SoundDisplay.srcs/sources_1/new/test_mod.v:326]
WARNING: [Synth 8-6090] variable 'led_hiit' is written by both blocking and non-blocking assignments, entire logic could be removed [C:/Users/nicho/Desktop/SoundDisplay/SoundDisplay.srcs/sources_1/new/test_mod.v:328]
WARNING: [Synth 8-6090] variable 'led_hiit' is written by both blocking and non-blocking assignments, entire logic could be removed [C:/Users/nicho/Desktop/SoundDisplay/SoundDisplay.srcs/sources_1/new/test_mod.v:330]
WARNING: [Synth 8-6090] variable 'led_hiit' is written by both blocking and non-blocking assignments, entire logic could be removed [C:/Users/nicho/Desktop/SoundDisplay/SoundDisplay.srcs/sources_1/new/test_mod.v:332]
WARNING: [Synth 8-6090] variable 'led_hiit' is written by both blocking and non-blocking assignments, entire logic could be removed [C:/Users/nicho/Desktop/SoundDisplay/SoundDisplay.srcs/sources_1/new/test_mod.v:334]
WARNING: [Synth 8-6090] variable 'led_hiit' is written by both blocking and non-blocking assignments, entire logic could be removed [C:/Users/nicho/Desktop/SoundDisplay/SoundDisplay.srcs/sources_1/new/test_mod.v:336]
WARNING: [Synth 8-6090] variable 'led_hiit' is written by both blocking and non-blocking assignments, entire logic could be removed [C:/Users/nicho/Desktop/SoundDisplay/SoundDisplay.srcs/sources_1/new/test_mod.v:338]
WARNING: [Synth 8-6090] variable 'led_hiit' is written by both blocking and non-blocking assignments, entire logic could be removed [C:/Users/nicho/Desktop/SoundDisplay/SoundDisplay.srcs/sources_1/new/test_mod.v:350]
WARNING: [Synth 8-6090] variable 'remaining' is written by both blocking and non-blocking assignments, entire logic could be removed [C:/Users/nicho/Desktop/SoundDisplay/SoundDisplay.srcs/sources_1/new/test_mod.v:351]
WARNING: [Synth 8-6090] variable 'timer' is written by both blocking and non-blocking assignments, entire logic could be removed [C:/Users/nicho/Desktop/SoundDisplay/SoundDisplay.srcs/sources_1/new/test_mod.v:353]
WARNING: [Synth 8-6090] variable 'an_hiit' is written by both blocking and non-blocking assignments, entire logic could be removed [C:/Users/nicho/Desktop/SoundDisplay/SoundDisplay.srcs/sources_1/new/test_mod.v:361]
WARNING: [Synth 8-6090] variable 'seg_hiit' is written by both blocking and non-blocking assignments, entire logic could be removed [C:/Users/nicho/Desktop/SoundDisplay/SoundDisplay.srcs/sources_1/new/test_mod.v:363]
WARNING: [Synth 8-6090] variable 'seg_hiit' is written by both blocking and non-blocking assignments, entire logic could be removed [C:/Users/nicho/Desktop/SoundDisplay/SoundDisplay.srcs/sources_1/new/test_mod.v:365]
WARNING: [Synth 8-6090] variable 'seg_hiit' is written by both blocking and non-blocking assignments, entire logic could be removed [C:/Users/nicho/Desktop/SoundDisplay/SoundDisplay.srcs/sources_1/new/test_mod.v:367]
WARNING: [Synth 8-6090] variable 'seg_hiit' is written by both blocking and non-blocking assignments, entire logic could be removed [C:/Users/nicho/Desktop/SoundDisplay/SoundDisplay.srcs/sources_1/new/test_mod.v:369]
WARNING: [Synth 8-6090] variable 'seg_hiit' is written by both blocking and non-blocking assignments, entire logic could be removed [C:/Users/nicho/Desktop/SoundDisplay/SoundDisplay.srcs/sources_1/new/test_mod.v:371]
WARNING: [Synth 8-6090] variable 'seg_hiit' is written by both blocking and non-blocking assignments, entire logic could be removed [C:/Users/nicho/Desktop/SoundDisplay/SoundDisplay.srcs/sources_1/new/test_mod.v:373]
WARNING: [Synth 8-6090] variable 'seg_hiit' is written by both blocking and non-blocking assignments, entire logic could be removed [C:/Users/nicho/Desktop/SoundDisplay/SoundDisplay.srcs/sources_1/new/test_mod.v:375]
WARNING: [Synth 8-6090] variable 'seg_hiit' is written by both blocking and non-blocking assignments, entire logic could be removed [C:/Users/nicho/Desktop/SoundDisplay/SoundDisplay.srcs/sources_1/new/test_mod.v:377]
WARNING: [Synth 8-6090] variable 'seg_hiit' is written by both blocking and non-blocking assignments, entire logic could be removed [C:/Users/nicho/Desktop/SoundDisplay/SoundDisplay.srcs/sources_1/new/test_mod.v:379]
WARNING: [Synth 8-6090] variable 'seg_hiit' is written by both blocking and non-blocking assignments, entire logic could be removed [C:/Users/nicho/Desktop/SoundDisplay/SoundDisplay.srcs/sources_1/new/test_mod.v:381]
WARNING: [Synth 8-6090] variable 'an_hiit' is written by both blocking and non-blocking assignments, entire logic could be removed [C:/Users/nicho/Desktop/SoundDisplay/SoundDisplay.srcs/sources_1/new/test_mod.v:385]
WARNING: [Synth 8-6090] variable 'seg_hiit' is written by both blocking and non-blocking assignments, entire logic could be removed [C:/Users/nicho/Desktop/SoundDisplay/SoundDisplay.srcs/sources_1/new/test_mod.v:387]
WARNING: [Synth 8-6090] variable 'seg_hiit' is written by both blocking and non-blocking assignments, entire logic could be removed [C:/Users/nicho/Desktop/SoundDisplay/SoundDisplay.srcs/sources_1/new/test_mod.v:389]
WARNING: [Synth 8-6090] variable 'seg_hiit' is written by both blocking and non-blocking assignments, entire logic could be removed [C:/Users/nicho/Desktop/SoundDisplay/SoundDisplay.srcs/sources_1/new/test_mod.v:391]
WARNING: [Synth 8-6090] variable 'seg_hiit' is written by both blocking and non-blocking assignments, entire logic could be removed [C:/Users/nicho/Desktop/SoundDisplay/SoundDisplay.srcs/sources_1/new/test_mod.v:393]
WARNING: [Synth 8-6090] variable 'an_hiit' is written by both blocking and non-blocking assignments, entire logic could be removed [C:/Users/nicho/Desktop/SoundDisplay/SoundDisplay.srcs/sources_1/new/test_mod.v:400]
WARNING: [Synth 8-6090] variable 'seg_hiit' is written by both blocking and non-blocking assignments, entire logic could be removed [C:/Users/nicho/Desktop/SoundDisplay/SoundDisplay.srcs/sources_1/new/test_mod.v:401]
WARNING: [Synth 8-6014] Unused sequential element workout_routine_reg was removed.  [C:/Users/nicho/Desktop/SoundDisplay/SoundDisplay.srcs/sources_1/new/test_mod.v:119]
INFO: [Synth 8-6155] done synthesizing module 'test_mod' (4#1) [C:/Users/nicho/Desktop/SoundDisplay/SoundDisplay.srcs/sources_1/new/test_mod.v:22]
INFO: [Synth 8-6157] synthesizing module 'my_pixel_index' [C:/Users/nicho/Desktop/SoundDisplay/SoundDisplay.srcs/sources_1/new/oled_coordinate.v:23]
INFO: [Synth 8-6155] done synthesizing module 'my_pixel_index' (5#1) [C:/Users/nicho/Desktop/SoundDisplay/SoundDisplay.srcs/sources_1/new/oled_coordinate.v:23]
INFO: [Synth 8-6157] synthesizing module 'oled_border_ctl' [C:/Users/nicho/Desktop/SoundDisplay/SoundDisplay.srcs/sources_1/new/oled_border_ctl.v:23]
INFO: [Synth 8-6155] done synthesizing module 'oled_border_ctl' (6#1) [C:/Users/nicho/Desktop/SoundDisplay/SoundDisplay.srcs/sources_1/new/oled_border_ctl.v:23]
INFO: [Synth 8-6157] synthesizing module 'oled_rectangles' [C:/Users/nicho/Desktop/SoundDisplay/SoundDisplay.srcs/sources_1/new/oled_rectangles.v:23]
INFO: [Synth 8-6155] done synthesizing module 'oled_rectangles' (7#1) [C:/Users/nicho/Desktop/SoundDisplay/SoundDisplay.srcs/sources_1/new/oled_rectangles.v:23]
INFO: [Synth 8-6157] synthesizing module 'seg_manual' [C:/Users/nicho/Desktop/SoundDisplay/SoundDisplay.srcs/sources_1/new/seg_manual.v:23]
INFO: [Synth 8-6155] done synthesizing module 'seg_manual' (8#1) [C:/Users/nicho/Desktop/SoundDisplay/SoundDisplay.srcs/sources_1/new/seg_manual.v:23]
INFO: [Synth 8-6157] synthesizing module 'freq_cnt' [C:/Users/nicho/Desktop/SoundDisplay/SoundDisplay.srcs/sources_1/new/freq_cnt.v:23]
INFO: [Synth 8-6155] done synthesizing module 'freq_cnt' (9#1) [C:/Users/nicho/Desktop/SoundDisplay/SoundDisplay.srcs/sources_1/new/freq_cnt.v:23]
INFO: [Synth 8-6157] synthesizing module 'meditation' [C:/Users/nicho/Desktop/SoundDisplay/SoundDisplay.srcs/sources_1/new/meditation.v:23]
WARNING: [Synth 8-6014] Unused sequential element medCnt_reg was removed.  [C:/Users/nicho/Desktop/SoundDisplay/SoundDisplay.srcs/sources_1/new/meditation.v:153]
INFO: [Synth 8-6155] done synthesizing module 'meditation' (10#1) [C:/Users/nicho/Desktop/SoundDisplay/SoundDisplay.srcs/sources_1/new/meditation.v:23]
INFO: [Synth 8-6155] done synthesizing module 'Top_Student' (11#1) [C:/Users/nicho/Desktop/SoundDisplay/SoundDisplay.srcs/sources_1/new/Top_Student.v:18]
WARNING: [Synth 8-3331] design meditation has unconnected port btnL
WARNING: [Synth 8-3331] design oled_rectangles has unconnected port basys_clock
WARNING: [Synth 8-3331] design oled_rectangles has unconnected port clk_10hz
WARNING: [Synth 8-3331] design oled_border_ctl has unconnected port basys_clock
WARNING: [Synth 8-3331] design oled_border_ctl has unconnected port clk_10hz
WARNING: [Synth 8-3331] design test_mod has unconnected port mic_in[11]
WARNING: [Synth 8-3331] design test_mod has unconnected port mic_in[10]
WARNING: [Synth 8-3331] design test_mod has unconnected port mic_in[9]
WARNING: [Synth 8-3331] design test_mod has unconnected port mic_in[8]
WARNING: [Synth 8-3331] design test_mod has unconnected port mic_in[7]
WARNING: [Synth 8-3331] design test_mod has unconnected port mic_in[6]
WARNING: [Synth 8-3331] design test_mod has unconnected port mic_in[5]
WARNING: [Synth 8-3331] design test_mod has unconnected port mic_in[4]
WARNING: [Synth 8-3331] design test_mod has unconnected port mic_in[3]
WARNING: [Synth 8-3331] design test_mod has unconnected port mic_in[2]
WARNING: [Synth 8-3331] design test_mod has unconnected port mic_in[1]
WARNING: [Synth 8-3331] design test_mod has unconnected port mic_in[0]
WARNING: [Synth 8-3331] design test_mod has unconnected port reset
WARNING: [Synth 8-3331] design Top_Student has unconnected port JC[2]
WARNING: [Synth 8-3331] design Top_Student has unconnected port btnR
WARNING: [Synth 8-3331] design Top_Student has unconnected port sw[14]
WARNING: [Synth 8-3331] design Top_Student has unconnected port sw[13]
WARNING: [Synth 8-3331] design Top_Student has unconnected port sw[12]
WARNING: [Synth 8-3331] design Top_Student has unconnected port sw[11]
WARNING: [Synth 8-3331] design Top_Student has unconnected port sw[10]
WARNING: [Synth 8-3331] design Top_Student has unconnected port sw[9]
WARNING: [Synth 8-3331] design Top_Student has unconnected port sw[8]
WARNING: [Synth 8-3331] design Top_Student has unconnected port sw[7]
WARNING: [Synth 8-3331] design Top_Student has unconnected port sw[6]
WARNING: [Synth 8-3331] design Top_Student has unconnected port sw[5]
WARNING: [Synth 8-3331] design Top_Student has unconnected port sw[4]
WARNING: [Synth 8-3331] design Top_Student has unconnected port sw[3]
---------------------------------------------------------------------------------
Finished RTL Elaboration : Time (s): cpu = 00:00:05 ; elapsed = 00:00:05 . Memory (MB): peak = 553.961 ; gain = 297.328
---------------------------------------------------------------------------------

Report Check Netlist: 
+------+------------------+-------+---------+-------+------------------+
|      |Item              |Errors |Warnings |Status |Description       |
+------+------------------+-------+---------+-------+------------------+
|1     |multi_driven_nets |      0|        0|Passed |Multi driven nets |
+------+------------------+-------+---------+-------+------------------+
---------------------------------------------------------------------------------
Start Handling Custom Attributes
---------------------------------------------------------------------------------
---------------------------------------------------------------------------------
Finished Handling Custom Attributes : Time (s): cpu = 00:00:05 ; elapsed = 00:00:05 . Memory (MB): peak = 553.961 ; gain = 297.328
---------------------------------------------------------------------------------
---------------------------------------------------------------------------------
Finished RTL Optimization Phase 1 : Time (s): cpu = 00:00:05 ; elapsed = 00:00:05 . Memory (MB): peak = 553.961 ; gain = 297.328
---------------------------------------------------------------------------------
INFO: [Device 21-403] Loading part xc7a35tcpg236-1
INFO: [Project 1-570] Preparing netlist for logic optimization

Processing XDC Constraints
Initializing timing engine
Parsing XDC File [C:/Users/nicho/Desktop/SoundDisplay/SoundDisplay.srcs/constrs_1/new/Basys3_Master.xdc]
Finished Parsing XDC File [C:/Users/nicho/Desktop/SoundDisplay/SoundDisplay.srcs/constrs_1/new/Basys3_Master.xdc]
INFO: [Project 1-236] Implementation specific constraints were found while reading constraint file [C:/Users/nicho/Desktop/SoundDisplay/SoundDisplay.srcs/constrs_1/new/Basys3_Master.xdc]. These constraints will be ignored for synthesis but will be used in implementation. Impacted constraints are listed in the file [.Xil/Top_Student_propImpl.xdc].
Resolution: To avoid this warning, move constraints listed in [.Xil/Top_Student_propImpl.xdc] to another XDC file and exclude this new file from synthesis with the used_in_synthesis property (File Properties dialog in GUI) and re-run elaboration/synthesis.
Completed Processing XDC Constraints

INFO: [Project 1-111] Unisim Transformation Summary:
No Unisim elements were transformed.

Constraint Validation Runtime : Time (s): cpu = 00:00:00 ; elapsed = 00:00:00.003 . Memory (MB): peak = 871.113 ; gain = 0.000
---------------------------------------------------------------------------------
Finished Constraint Validation : Time (s): cpu = 00:00:15 ; elapsed = 00:00:17 . Memory (MB): peak = 871.113 ; gain = 614.480
---------------------------------------------------------------------------------
---------------------------------------------------------------------------------
Start Loading Part and Timing Information
---------------------------------------------------------------------------------
Loading part: xc7a35tcpg236-1
---------------------------------------------------------------------------------
Finished Loading Part and Timing Information : Time (s): cpu = 00:00:15 ; elapsed = 00:00:17 . Memory (MB): peak = 871.113 ; gain = 614.480
---------------------------------------------------------------------------------
---------------------------------------------------------------------------------
Start Applying 'set_property' XDC Constraints
---------------------------------------------------------------------------------
---------------------------------------------------------------------------------
Finished applying 'set_property' XDC Constraints : Time (s): cpu = 00:00:16 ; elapsed = 00:00:17 . Memory (MB): peak = 871.113 ; gain = 614.480
---------------------------------------------------------------------------------
INFO: [Synth 8-5545] ROM "clkout0" won't be mapped to RAM because address size (32) is larger than maximum supported(25)
INFO: [Synth 8-802] inferred FSM for state register 'state_reg' in module 'Oled_Display'
INFO: [Synth 8-5546] ROM "fsm_next_state0" won't be mapped to RAM because it is too sparse
INFO: [Synth 8-5544] ROM "fsm_next_state0" won't be mapped to Block RAM because address size (1) smaller than threshold (5)
INFO: [Synth 8-5546] ROM "fsm_next_state0" won't be mapped to RAM because it is too sparse
INFO: [Synth 8-5818] HDL ADVISOR - The operator resource <adder> is shared. To prevent sharing consider applying a KEEP on the output of the operator [C:/Users/nicho/Desktop/SoundDisplay/SoundDisplay.srcs/sources_1/new/test_mod.v:234]
INFO: [Synth 8-5544] ROM "started_workout0" won't be mapped to Block RAM because address size (3) smaller than threshold (5)
INFO: [Synth 8-5545] ROM "select_state" won't be mapped to RAM because address size (32) is larger than maximum supported(25)
INFO: [Synth 8-5545] ROM "select_state" won't be mapped to RAM because address size (32) is larger than maximum supported(25)
INFO: [Synth 8-5545] ROM "started" won't be mapped to RAM because address size (32) is larger than maximum supported(25)
INFO: [Synth 8-5545] ROM "debouncing_count" won't be mapped to RAM because address size (32) is larger than maximum supported(25)
INFO: [Synth 8-5545] ROM "selected_workout" won't be mapped to RAM because address size (32) is larger than maximum supported(25)
INFO: [Synth 8-5545] ROM "selected_workout" won't be mapped to RAM because address size (32) is larger than maximum supported(25)
INFO: [Synth 8-5545] ROM "one_sec_count" won't be mapped to RAM because address size (32) is larger than maximum supported(25)
INFO: [Synth 8-5544] ROM "p_4_in" won't be mapped to Block RAM because address size (3) smaller than threshold (5)
INFO: [Synth 8-5545] ROM "ledCnt0" won't be mapped to RAM because address size (32) is larger than maximum supported(25)
INFO: [Synth 8-5545] ROM "pulseCnt0" won't be mapped to RAM because address size (32) is larger than maximum supported(25)
INFO: [Synth 8-5545] ROM "ledCnt0" won't be mapped to RAM because address size (32) is larger than maximum supported(25)
INFO: [Synth 8-5545] ROM "pulseCnt0" won't be mapped to RAM because address size (32) is larger than maximum supported(25)
INFO: [Synth 8-5545] ROM "sample_cnt0" won't be mapped to RAM because address size (32) is larger than maximum supported(25)
INFO: [Synth 8-5546] ROM "crosses0" won't be mapped to RAM because it is too sparse
INFO: [Synth 8-5545] ROM "crosses" won't be mapped to RAM because address size (32) is larger than maximum supported(25)
INFO: [Synth 8-5544] ROM "an" won't be mapped to Block RAM because address size (2) smaller than threshold (5)
INFO: [Synth 8-5544] ROM "med_state" won't be mapped to Block RAM because address size (2) smaller than threshold (5)
INFO: [Synth 8-5544] ROM "med_target_freq" won't be mapped to Block RAM because address size (2) smaller than threshold (5)
INFO: [Synth 8-5545] ROM "count2" won't be mapped to RAM because address size (32) is larger than maximum supported(25)
INFO: [Synth 8-5545] ROM "peak_val" won't be mapped to RAM because address size (32) is larger than maximum supported(25)
INFO: [Synth 8-5545] ROM "count2" won't be mapped to RAM because address size (32) is larger than maximum supported(25)
INFO: [Synth 8-5545] ROM "peak_val" won't be mapped to RAM because address size (32) is larger than maximum supported(25)
INFO: [Synth 8-5544] ROM "selected_mode" won't be mapped to Block RAM because address size (1) smaller than threshold (5)
INFO: [Synth 8-5544] ROM "an" won't be mapped to Block RAM because address size (3) smaller than threshold (5)
INFO: [Synth 8-5544] ROM "seg" won't be mapped to Block RAM because address size (3) smaller than threshold (5)
INFO: [Synth 8-5544] ROM "led" won't be mapped to Block RAM because address size (3) smaller than threshold (5)
INFO: [Synth 8-5544] ROM "oled_data" won't be mapped to Block RAM because address size (1) smaller than threshold (5)
INFO: [Synth 8-5544] ROM "oled_data" won't be mapped to Block RAM because address size (1) smaller than threshold (5)
INFO: [Synth 8-5544] ROM "oled_data" won't be mapped to Block RAM because address size (1) smaller than threshold (5)
INFO: [Synth 8-5544] ROM "oled_data" won't be mapped to Block RAM because address size (1) smaller than threshold (5)
INFO: [Synth 8-5544] ROM "oled_data" won't be mapped to Block RAM because address size (1) smaller than threshold (5)
INFO: [Synth 8-5544] ROM "oled_data" won't be mapped to Block RAM because address size (1) smaller than threshold (5)
INFO: [Synth 8-5544] ROM "oled_data" won't be mapped to Block RAM because address size (1) smaller than threshold (5)
INFO: [Synth 8-5544] ROM "oled_data" won't be mapped to Block RAM because address size (1) smaller than threshold (5)
INFO: [Synth 8-5544] ROM "oled_data" won't be mapped to Block RAM because address size (1) smaller than threshold (5)
INFO: [Synth 8-5544] ROM "oled_data" won't be mapped to Block RAM because address size (1) smaller than threshold (5)
INFO: [Synth 8-5544] ROM "oled_data" won't be mapped to Block RAM because address size (3) smaller than threshold (5)
---------------------------------------------------------------------------------------------------
                   State |                     New Encoding |                Previous Encoding 
---------------------------------------------------------------------------------------------------
                 PowerUp | 00000000100000000000000000000000 |                            00000
                   Reset | 00000000000100000000000000000000 |                            00001
            ReleaseReset | 00000000000000000000100000000000 |                            00011
            EnableDriver | 00000000000000000001000000000000 |                            00010
              DisplayOff | 00000000000000000100000000000000 |                            00110
   SetRemapDisplayFormat | 00000100000000000000000000000000 |                            00111
            SetStartLine | 00001000000000000000000000000000 |                            00101
               SetOffset | 10000000000000000000000000000000 |                            00100
        SetNormalDisplay | 00000000000000000000000010000000 |                            01100
       SetMultiplexRatio | 00000000000000000000000000100000 |                            01101
  SetMasterConfiguration | 00000000000000000000000001000000 |                            01111
        DisablePowerSave | 00000000000000000000000000000100 |                            01110
          SetPhaseAdjust | 00000000000000000000000000001000 |                            01010
         SetDisplayClock | 00000000001000000000000000000000 |                            01011
     SetSecondPrechargeA | 00000000010000000000000000000000 |                            01001
     SetSecondPrechargeB | 01000000000000000000000000000000 |                            01000
     SetSecondPrechargeC | 00000010000000000000000000000000 |                            11000
       SetPrechargeLevel | 00000001000000000000000000000000 |                            11001
                SetVCOMH | 00000000000000010000000000000000 |                            11011
        SetMasterCurrent | 00000000000000100000000000000000 |                            11010
            SetContrastA | 00000000000001000000000000000000 |                            11110
            SetContrastB | 00100000000000000000000000000000 |                            11111
            SetContrastC | 00000000000000000000000000000001 |                            11101
        DisableScrolling | 00000000000000000000000000000010 |                            11100
             ClearScreen | 00000000000000000000000000010000 |                            10100
                   VccEn | 00010000000000000000000000000000 |                            10101
               DisplayOn | 00000000000010000000000000000000 |                            10111
        PrepareNextFrame | 00000000000000001000000000000000 |                            10110
           SetColAddress | 00000000000000000000010000000000 |                            10010
           SetRowAddress | 00000000000000000000000100000000 |                            10011
           WaitNextFrame | 00000000000000000000001000000000 |                            10001
               SendPixel | 00000000000000000010000000000000 |                            10000
---------------------------------------------------------------------------------------------------
INFO: [Synth 8-3354] encoded FSM with state register 'state_reg' using encoding 'one-hot' in module 'Oled_Display'
---------------------------------------------------------------------------------
Finished RTL Optimization Phase 2 : Time (s): cpu = 00:00:32 ; elapsed = 00:00:34 . Memory (MB): peak = 918.324 ; gain = 661.691
---------------------------------------------------------------------------------

Report RTL Partitions: 
+------+------------------+------------+----------+
|      |RTL Partition     |Replication |Instances |
+------+------------------+------------+----------+
|1     |test_mod__GB0     |           1|     28560|
|2     |test_mod__GB1     |           1|      8160|
|3     |test_mod__GB2     |           1|     33525|
|4     |test_mod__GB3     |           1|      7271|
|5     |test_mod__GB4     |           1|     20400|
|6     |Top_Student__GCB0 |           1|     29296|
|7     |Top_Student__GCB1 |           1|     14527|
+------+------------------+------------+----------+
---------------------------------------------------------------------------------
Start RTL Component Statistics 
---------------------------------------------------------------------------------
Detailed RTL Component Info : 
+---Adders : 
	   2 Input     32 Bit       Adders := 10    
	   3 Input     32 Bit       Adders := 1     
	   3 Input     18 Bit       Adders := 1     
	   2 Input     17 Bit       Adders := 1     
	   2 Input     16 Bit       Adders := 1     
	   2 Input      8 Bit       Adders := 1     
	   2 Input      6 Bit       Adders := 1     
	   2 Input      3 Bit       Adders := 4     
	   3 Input      3 Bit       Adders := 1     
	   2 Input      2 Bit       Adders := 2     
	   2 Input      1 Bit       Adders := 2     
+---Registers : 
	               40 Bit    Registers := 1     
	               32 Bit    Registers := 9     
	               17 Bit    Registers := 1     
	               16 Bit    Registers := 8     
	               12 Bit    Registers := 6     
	                8 Bit    Registers := 2     
	                7 Bit    Registers := 4     
	                6 Bit    Registers := 1     
	                4 Bit    Registers := 5     
	                3 Bit    Registers := 6     
	                2 Bit    Registers := 7     
	                1 Bit    Registers := 20    
+---Muxes : 
	   2 Input     40 Bit        Muxes := 3     
	   2 Input     32 Bit        Muxes := 41    
	  17 Input     32 Bit        Muxes := 1     
	   4 Input     32 Bit        Muxes := 1     
	  32 Input     32 Bit        Muxes := 1     
	  32 Input     20 Bit        Muxes := 1     
	   2 Input     17 Bit        Muxes := 1     
	   2 Input     16 Bit        Muxes := 53    
	   3 Input     16 Bit        Muxes := 6     
	   4 Input     16 Bit        Muxes := 3     
	   6 Input     16 Bit        Muxes := 1     
	   5 Input     16 Bit        Muxes := 2     
	   8 Input     16 Bit        Muxes := 1     
	  20 Input     15 Bit        Muxes := 1     
	   5 Input     11 Bit        Muxes := 1     
	   2 Input     11 Bit        Muxes := 6     
	   4 Input     10 Bit        Muxes := 1     
	   2 Input      9 Bit        Muxes := 4     
	   2 Input      8 Bit        Muxes := 13    
	   5 Input      8 Bit        Muxes := 1     
	   2 Input      7 Bit        Muxes := 13    
	   4 Input      7 Bit        Muxes := 3     
	   5 Input      7 Bit        Muxes := 1     
	   3 Input      7 Bit        Muxes := 1     
	   8 Input      7 Bit        Muxes := 1     
	  32 Input      6 Bit        Muxes := 1     
	   2 Input      6 Bit        Muxes := 1     
	   2 Input      5 Bit        Muxes := 2     
	  32 Input      5 Bit        Muxes := 2     
	   2 Input      4 Bit        Muxes := 7     
	   3 Input      4 Bit        Muxes := 2     
	   4 Input      4 Bit        Muxes := 2     
	   8 Input      4 Bit        Muxes := 1     
	   2 Input      3 Bit        Muxes := 13    
	   4 Input      3 Bit        Muxes := 1     
	   6 Input      3 Bit        Muxes := 1     
	   2 Input      2 Bit        Muxes := 14    
	   3 Input      2 Bit        Muxes := 2     
	   4 Input      2 Bit        Muxes := 1     
	   5 Input      2 Bit        Muxes := 1     
	   2 Input      1 Bit        Muxes := 98    
	  17 Input      1 Bit        Muxes := 2     
	   4 Input      1 Bit        Muxes := 3     
	   3 Input      1 Bit        Muxes := 4     
	   7 Input      1 Bit        Muxes := 1     
	   6 Input      1 Bit        Muxes := 1     
---------------------------------------------------------------------------------
Finished RTL Component Statistics 
---------------------------------------------------------------------------------
---------------------------------------------------------------------------------
Start RTL Hierarchical Component Statistics 
---------------------------------------------------------------------------------
Hierarchical RTL Component report 
Module Top_Student 
Detailed RTL Component Info : 
+---Adders : 
	   2 Input     32 Bit       Adders := 1     
	   2 Input      8 Bit       Adders := 1     
+---Registers : 
	               32 Bit    Registers := 1     
	               16 Bit    Registers := 2     
	               12 Bit    Registers := 4     
	                8 Bit    Registers := 1     
	                7 Bit    Registers := 1     
	                4 Bit    Registers := 1     
	                3 Bit    Registers := 1     
	                2 Bit    Registers := 1     
	                1 Bit    Registers := 2     
+---Muxes : 
	   2 Input     32 Bit        Muxes := 1     
	   3 Input     16 Bit        Muxes := 5     
	   6 Input     16 Bit        Muxes := 1     
	   2 Input     16 Bit        Muxes := 38    
	   4 Input     16 Bit        Muxes := 1     
	   8 Input     16 Bit        Muxes := 1     
	   5 Input     16 Bit        Muxes := 1     
	   5 Input     11 Bit        Muxes := 1     
	   2 Input     11 Bit        Muxes := 6     
	   2 Input      9 Bit        Muxes := 4     
	   2 Input      7 Bit        Muxes := 5     
	   3 Input      7 Bit        Muxes := 1     
	   8 Input      7 Bit        Muxes := 1     
	   3 Input      4 Bit        Muxes := 1     
	   2 Input      4 Bit        Muxes := 3     
	   8 Input      4 Bit        Muxes := 1     
	   6 Input      3 Bit        Muxes := 1     
	   3 Input      2 Bit        Muxes := 1     
	   2 Input      1 Bit        Muxes := 10    
	   3 Input      1 Bit        Muxes := 2     
	   7 Input      1 Bit        Muxes := 1     
	   6 Input      1 Bit        Muxes := 1     
Module clk_sel__1 
Detailed RTL Component Info : 
+---Registers : 
	                1 Bit    Registers := 1     
+---Muxes : 
	   2 Input      1 Bit        Muxes := 1     
Module test_mod 
Detailed RTL Component Info : 
+---Adders : 
	   2 Input     32 Bit       Adders := 3     
	   3 Input     32 Bit       Adders := 1     
	   2 Input      3 Bit       Adders := 2     
	   3 Input      3 Bit       Adders := 1     
	   2 Input      1 Bit       Adders := 1     
+---Registers : 
	               32 Bit    Registers := 5     
	               16 Bit    Registers := 2     
	                8 Bit    Registers := 1     
	                4 Bit    Registers := 1     
	                3 Bit    Registers := 2     
	                2 Bit    Registers := 2     
	                1 Bit    Registers := 5     
+---Muxes : 
	   2 Input     32 Bit        Muxes := 33    
	  17 Input     32 Bit        Muxes := 1     
	   4 Input     32 Bit        Muxes := 1     
	   2 Input     16 Bit        Muxes := 15    
	   3 Input     16 Bit        Muxes := 1     
	   4 Input     16 Bit        Muxes := 2     
	  20 Input     15 Bit        Muxes := 1     
	   2 Input      8 Bit        Muxes := 13    
	   5 Input      8 Bit        Muxes := 1     
	   2 Input      4 Bit        Muxes := 2     
	   3 Input      4 Bit        Muxes := 1     
	   2 Input      3 Bit        Muxes := 10    
	   2 Input      2 Bit        Muxes := 14    
	   3 Input      2 Bit        Muxes := 1     
	   4 Input      2 Bit        Muxes := 1     
	   2 Input      1 Bit        Muxes := 55    
	  17 Input      1 Bit        Muxes := 2     
	   4 Input      1 Bit        Muxes := 1     
	   3 Input      1 Bit        Muxes := 2     
Module clk_sel__3 
Detailed RTL Component Info : 
+---Registers : 
	                1 Bit    Registers := 1     
+---Muxes : 
	   2 Input      1 Bit        Muxes := 1     
Module clk_sel__4 
Detailed RTL Component Info : 
+---Registers : 
	                1 Bit    Registers := 1     
+---Muxes : 
	   2 Input      1 Bit        Muxes := 1     
Module clk_sel__5 
Detailed RTL Component Info : 
+---Registers : 
	                1 Bit    Registers := 1     
+---Muxes : 
	   2 Input      1 Bit        Muxes := 1     
Module clk_sel__6 
Detailed RTL Component Info : 
+---Registers : 
	                1 Bit    Registers := 1     
+---Muxes : 
	   2 Input      1 Bit        Muxes := 1     
Module clk_sel__7 
Detailed RTL Component Info : 
+---Registers : 
	                1 Bit    Registers := 1     
+---Muxes : 
	   2 Input      1 Bit        Muxes := 1     
Module clk_sel 
Detailed RTL Component Info : 
+---Registers : 
	                1 Bit    Registers := 1     
+---Muxes : 
	   2 Input      1 Bit        Muxes := 1     
Module Audio_Capture 
Detailed RTL Component Info : 
+---Registers : 
	               12 Bit    Registers := 2     
	                1 Bit    Registers := 1     
Module oled_border_ctl 
Detailed RTL Component Info : 
+---Adders : 
	   2 Input     32 Bit       Adders := 2     
	   2 Input      3 Bit       Adders := 1     
+---Registers : 
	               32 Bit    Registers := 1     
	                3 Bit    Registers := 1     
	                1 Bit    Registers := 1     
+---Muxes : 
	   2 Input     32 Bit        Muxes := 2     
	   2 Input      3 Bit        Muxes := 1     
	   2 Input      1 Bit        Muxes := 1     
Module oled_rectangles 
Detailed RTL Component Info : 
+---Adders : 
	   2 Input     32 Bit       Adders := 2     
	   2 Input      3 Bit       Adders := 1     
+---Registers : 
	               32 Bit    Registers := 1     
	                3 Bit    Registers := 1     
	                1 Bit    Registers := 1     
+---Muxes : 
	   2 Input     32 Bit        Muxes := 2     
	   2 Input      3 Bit        Muxes := 1     
	   2 Input      1 Bit        Muxes := 1     
Module seg_manual__1 
Detailed RTL Component Info : 
+---Adders : 
	   2 Input      2 Bit       Adders := 1     
+---Registers : 
	                7 Bit    Registers := 1     
	                4 Bit    Registers := 1     
	                2 Bit    Registers := 1     
+---Muxes : 
	   4 Input      7 Bit        Muxes := 1     
	   4 Input      4 Bit        Muxes := 1     
	   4 Input      1 Bit        Muxes := 1     
Module seg_manual 
Detailed RTL Component Info : 
+---Adders : 
	   2 Input      2 Bit       Adders := 1     
+---Registers : 
	                7 Bit    Registers := 1     
	                4 Bit    Registers := 1     
	                2 Bit    Registers := 1     
+---Muxes : 
	   4 Input      7 Bit        Muxes := 1     
	   4 Input      4 Bit        Muxes := 1     
	   4 Input      1 Bit        Muxes := 1     
Module freq_cnt 
Detailed RTL Component Info : 
+---Adders : 
	   2 Input     32 Bit       Adders := 1     
	   2 Input     16 Bit       Adders := 1     
+---Registers : 
	               32 Bit    Registers := 1     
	               16 Bit    Registers := 3     
	                1 Bit    Registers := 1     
+---Muxes : 
	   2 Input     32 Bit        Muxes := 1     
	   2 Input      1 Bit        Muxes := 3     
Module clk_sel__2 
Detailed RTL Component Info : 
+---Registers : 
	                1 Bit    Registers := 1     
+---Muxes : 
	   2 Input      1 Bit        Muxes := 1     
Module meditation 
Detailed RTL Component Info : 
+---Adders : 
	   2 Input     32 Bit       Adders := 1     
	   3 Input     18 Bit       Adders := 1     
	   2 Input      1 Bit       Adders := 1     
+---Registers : 
	               16 Bit    Registers := 1     
	                7 Bit    Registers := 1     
	                4 Bit    Registers := 1     
	                3 Bit    Registers := 1     
	                2 Bit    Registers := 2     
	                1 Bit    Registers := 1     
+---Muxes : 
	   5 Input     16 Bit        Muxes := 1     
	   4 Input     10 Bit        Muxes := 1     
	   2 Input      7 Bit        Muxes := 8     
	   4 Input      7 Bit        Muxes := 1     
	   5 Input      7 Bit        Muxes := 1     
	   2 Input      4 Bit        Muxes := 2     
	   2 Input      3 Bit        Muxes := 1     
	   4 Input      3 Bit        Muxes := 1     
	   5 Input      2 Bit        Muxes := 1     
	   2 Input      1 Bit        Muxes := 18    
Module Oled_Display 
Detailed RTL Component Info : 
+---Adders : 
	   2 Input     17 Bit       Adders := 1     
	   2 Input      6 Bit       Adders := 1     
+---Registers : 
	               40 Bit    Registers := 1     
	               17 Bit    Registers := 1     
	                6 Bit    Registers := 1     
+---Muxes : 
	   2 Input     40 Bit        Muxes := 3     
	  32 Input     32 Bit        Muxes := 1     
	   2 Input     32 Bit        Muxes := 2     
	  32 Input     20 Bit        Muxes := 1     
	   2 Input     17 Bit        Muxes := 1     
	  32 Input      6 Bit        Muxes := 1     
	   2 Input      6 Bit        Muxes := 1     
	   2 Input      5 Bit        Muxes := 2     
	  32 Input      5 Bit        Muxes := 2     
	   2 Input      1 Bit        Muxes := 2     
---------------------------------------------------------------------------------
Finished RTL Hierarchical Component Statistics
---------------------------------------------------------------------------------
---------------------------------------------------------------------------------
Start Part Resource Summary
---------------------------------------------------------------------------------
Part Resources:
DSPs: 90 (col length:60)
BRAMs: 100 (col length: RAMB18 60 RAMB36 30)
---------------------------------------------------------------------------------
Finished Part Resource Summary
---------------------------------------------------------------------------------
INFO: [Synth 8-5580] Multithreading enabled for synth_design using a maximum of 2 processes.
---------------------------------------------------------------------------------
Start Cross Boundary and Area Optimization
---------------------------------------------------------------------------------
INFO: [Synth 8-5545] ROM "clkout0" won't be mapped to RAM because address size (32) is larger than maximum supported(25)
INFO: [Synth 8-5545] ROM "p_0_out" won't be mapped to RAM because address size (32) is larger than maximum supported(25)
INFO: [Synth 8-5545] ROM "selected_workout" won't be mapped to RAM because address size (32) is larger than maximum supported(25)
INFO: [Synth 8-5545] ROM "selected_workout" won't be mapped to RAM because address size (32) is larger than maximum supported(25)
INFO: [Synth 8-5545] ROM "started" won't be mapped to RAM because address size (32) is larger than maximum supported(25)
INFO: [Synth 8-5545] ROM "select_state" won't be mapped to RAM because address size (32) is larger than maximum supported(25)
INFO: [Synth 8-5545] ROM "select_state" won't be mapped to RAM because address size (32) is larger than maximum supported(25)
INFO: [Synth 8-5545] ROM "debouncing_count" won't be mapped to RAM because address size (32) is larger than maximum supported(25)
INFO: [Synth 8-5545] ROM "one_sec_count" won't be mapped to RAM because address size (32) is larger than maximum supported(25)
WARNING: [Synth 8-3331] design Top_Student has unconnected port JC[2]
WARNING: [Synth 8-3331] design Top_Student has unconnected port btnR
WARNING: [Synth 8-3331] design Top_Student has unconnected port sw[14]
WARNING: [Synth 8-3331] design Top_Student has unconnected port sw[13]
WARNING: [Synth 8-3331] design Top_Student has unconnected port sw[12]
WARNING: [Synth 8-3331] design Top_Student has unconnected port sw[11]
WARNING: [Synth 8-3331] design Top_Student has unconnected port sw[10]
WARNING: [Synth 8-3331] design Top_Student has unconnected port sw[9]
WARNING: [Synth 8-3331] design Top_Student has unconnected port sw[8]
WARNING: [Synth 8-3331] design Top_Student has unconnected port sw[7]
WARNING: [Synth 8-3331] design Top_Student has unconnected port sw[6]
WARNING: [Synth 8-3331] design Top_Student has unconnected port sw[5]
WARNING: [Synth 8-3331] design Top_Student has unconnected port sw[4]
WARNING: [Synth 8-3331] design Top_Student has unconnected port sw[3]
INFO: [Synth 8-3886] merging instance 'mode2i_5/an_hiit_reg[2]' (FDE) to 'mode2i_5/an_hiit_reg[3]'
INFO: [Synth 8-3333] propagating constant 1 across sequential element (mode2i_5/\an_hiit_reg[3] )
WARNING: [Synth 8-3917] design test_mod__GB2 has port led_hiit[15] driven by constant 0
INFO: [Synth 8-5545] ROM "s_clk_20khz/clkout0" won't be mapped to RAM because address size (32) is larger than maximum supported(25)
INFO: [Synth 8-5545] ROM "s_clk_10hz/clkout0" won't be mapped to RAM because address size (32) is larger than maximum supported(25)
INFO: [Synth 8-5545] ROM "s_clk_6p25mhz/clkout0" won't be mapped to RAM because address size (32) is larger than maximum supported(25)
INFO: [Synth 8-5545] ROM "s_clk_12p5mhz/clkout0" won't be mapped to RAM because address size (32) is larger than maximum supported(25)
INFO: [Synth 8-5545] ROM "s_clk_25mhz/clkout0" won't be mapped to RAM because address size (32) is larger than maximum supported(25)
INFO: [Synth 8-5545] ROM "s_clk_50khz/clkout0" won't be mapped to RAM because address size (32) is larger than maximum supported(25)
INFO: [Synth 8-5545] ROM "count2" won't be mapped to RAM because address size (32) is larger than maximum supported(25)
INFO: [Synth 8-5545] ROM "peak_val" won't be mapped to RAM because address size (32) is larger than maximum supported(25)
INFO: [Synth 8-5545] ROM "s_clk_20khz/clkout0" won't be mapped to RAM because address size (32) is larger than maximum supported(25)
INFO: [Synth 8-5545] ROM "s_clk_10hz/clkout0" won't be mapped to RAM because address size (32) is larger than maximum supported(25)
INFO: [Synth 8-5545] ROM "s_clk_6p25mhz/clkout0" won't be mapped to RAM because address size (32) is larger than maximum supported(25)
INFO: [Synth 8-5545] ROM "s_clk_12p5mhz/clkout0" won't be mapped to RAM because address size (32) is larger than maximum supported(25)
INFO: [Synth 8-5545] ROM "s_clk_25mhz/clkout0" won't be mapped to RAM because address size (32) is larger than maximum supported(25)
INFO: [Synth 8-5545] ROM "s_clk_50khz/clkout0" won't be mapped to RAM because address size (32) is larger than maximum supported(25)
INFO: [Synth 8-5545] ROM "count2" won't be mapped to RAM because address size (32) is larger than maximum supported(25)
INFO: [Synth 8-5545] ROM "peak_val" won't be mapped to RAM because address size (32) is larger than maximum supported(25)
INFO: [Synth 8-5544] ROM "oled_data" won't be mapped to Block RAM because address size (1) smaller than threshold (5)
INFO: [Synth 8-5544] ROM "oled_data" won't be mapped to Block RAM because address size (1) smaller than threshold (5)
INFO: [Synth 8-5544] ROM "seg_man_menu/" won't be mapped to Block RAM because address size (2) smaller than threshold (5)
INFO: [Synth 8-5544] ROM "seg_man_menu/" won't be mapped to Block RAM because address size (2) smaller than threshold (5)
INFO: [Synth 8-5544] ROM "seg_man_debug/" won't be mapped to Block RAM because address size (2) smaller than threshold (5)
INFO: [Synth 8-5544] ROM "seg_man_debug/" won't be mapped to Block RAM because address size (2) smaller than threshold (5)
INFO: [Synth 8-5544] ROM "oled_data" won't be mapped to Block RAM because address size (3) smaller than threshold (5)
INFO: [Synth 8-5545] ROM "pulseCnt0" won't be mapped to RAM because address size (32) is larger than maximum supported(25)
INFO: [Synth 8-5545] ROM "ledCnt0" won't be mapped to RAM because address size (32) is larger than maximum supported(25)
INFO: [Synth 8-5545] ROM "pulseCnt0" won't be mapped to RAM because address size (32) is larger than maximum supported(25)
INFO: [Synth 8-5545] ROM "ledCnt0" won't be mapped to RAM because address size (32) is larger than maximum supported(25)
INFO: [Synth 8-4471] merging register 'crosses_reg[15:0]' into 'crosses_reg[15:0]' [C:/Users/nicho/Desktop/SoundDisplay/SoundDisplay.srcs/sources_1/new/freq_cnt.v:43]
WARNING: [Synth 8-6014] Unused sequential element crosses_reg was removed.  [C:/Users/nicho/Desktop/SoundDisplay/SoundDisplay.srcs/sources_1/new/freq_cnt.v:43]
INFO: [Synth 8-5545] ROM "sample_cnt0" won't be mapped to RAM because address size (32) is larger than maximum supported(25)
INFO: [Synth 8-5545] ROM "crosses" won't be mapped to RAM because address size (32) is larger than maximum supported(25)
INFO: [Synth 8-5546] ROM "crosses0" won't be mapped to RAM because it is too sparse
WARNING: [Synth 8-6014] Unused sequential element last_freq_reg was removed.  [C:/Users/nicho/Desktop/SoundDisplay/SoundDisplay.srcs/sources_1/new/freq_cnt.v:54]
DSP Report: Generating DSP last_freq1, operation Mode is: (A2*(B:0xc8))'.
DSP Report: register crosses_reg is absorbed into DSP last_freq1.
DSP Report: register P is absorbed into DSP last_freq1.
DSP Report: operator last_freq1 is absorbed into DSP last_freq1.
INFO: [Synth 8-5545] ROM "my_clk/clkout0" won't be mapped to RAM because address size (32) is larger than maximum supported(25)
INFO: [Synth 8-5545] ROM "s_clk_20khz/clkout0" won't be mapped to RAM because address size (32) is larger than maximum supported(25)
INFO: [Synth 8-5545] ROM "count2" won't be mapped to RAM because address size (32) is larger than maximum supported(25)
INFO: [Synth 8-5545] ROM "peak_val" won't be mapped to RAM because address size (32) is larger than maximum supported(25)
INFO: [Synth 8-5545] ROM "s_clk_50khz/clkout0" won't be mapped to RAM because address size (32) is larger than maximum supported(25)
INFO: [Synth 8-5545] ROM "s_clk_10hz/clkout0" won't be mapped to RAM because address size (32) is larger than maximum supported(25)
INFO: [Synth 8-5545] ROM "s_clk_6p25mhz/clkout0" won't be mapped to RAM because address size (32) is larger than maximum supported(25)
INFO: [Synth 8-5545] ROM "s_clk_12p5mhz/clkout0" won't be mapped to RAM because address size (32) is larger than maximum supported(25)
INFO: [Synth 8-5545] ROM "s_clk_25mhz/clkout0" won't be mapped to RAM because address size (32) is larger than maximum supported(25)
INFO: [Synth 8-5545] ROM "s_clk_20khz/clkout0" won't be mapped to RAM because address size (32) is larger than maximum supported(25)
INFO: [Synth 8-5545] ROM "count2" won't be mapped to RAM because address size (32) is larger than maximum supported(25)
INFO: [Synth 8-5545] ROM "peak_val" won't be mapped to RAM because address size (32) is larger than maximum supported(25)
INFO: [Synth 8-5545] ROM "s_clk_50khz/clkout0" won't be mapped to RAM because address size (32) is larger than maximum supported(25)
INFO: [Synth 8-5545] ROM "s_clk_10hz/clkout0" won't be mapped to RAM because address size (32) is larger than maximum supported(25)
INFO: [Synth 8-5545] ROM "s_clk_6p25mhz/clkout0" won't be mapped to RAM because address size (32) is larger than maximum supported(25)
INFO: [Synth 8-5545] ROM "s_clk_12p5mhz/clkout0" won't be mapped to RAM because address size (32) is larger than maximum supported(25)
INFO: [Synth 8-5545] ROM "s_clk_25mhz/clkout0" won't be mapped to RAM because address size (32) is larger than maximum supported(25)
INFO: [Synth 8-5544] ROM "oled_data" won't be mapped to Block RAM because address size (1) smaller than threshold (5)
WARNING: [Synth 8-3331] design meditation has unconnected port btnL
WARNING: [Synth 8-3331] design oled_rectangles has unconnected port basys_clock
WARNING: [Synth 8-3331] design oled_rectangles has unconnected port clk_10hz
WARNING: [Synth 8-3331] design oled_border_ctl has unconnected port basys_clock
WARNING: [Synth 8-3331] design oled_border_ctl has unconnected port clk_10hz
INFO: [Synth 8-3333] propagating constant 0 across sequential element (m_meditation/\med_chosen_difficulty_reg[1] )
INFO: [Synth 8-3886] merging instance 'seg_man_debug/seg_reg[0]' (FDE) to 'seg_man_debug/seg_reg[5]'
INFO: [Synth 8-3886] merging instance 'm_meditation/seg_reg[1]' (FDSE) to 'm_meditation/seg_reg[2]'
INFO: [Synth 8-3886] merging instance 'seg_man_menu/seg_reg[1]' (FDE) to 'seg_man_menu/seg_reg[2]'
INFO: [Synth 8-3886] merging instance 'seg_man_debug/seg_reg[3]' (FDE) to 'seg_man_debug/seg_reg[5]'
INFO: [Synth 8-3886] merging instance 'm_meditation/seg_reg[4]' (FDSE) to 'm_meditation/seg_reg[5]'
INFO: [Synth 8-3886] merging instance 'seg_man_menu/seg_reg[4]' (FDE) to 'seg_man_debug/seg_reg[5]'
INFO: [Synth 8-3886] merging instance 'seg_man_debug/seg_reg[4]' (FDE) to 'seg_man_debug/seg_reg[5]'
INFO: [Synth 8-3886] merging instance 'seg_man_menu/seg_reg[5]' (FDE) to 'seg_man_debug/seg_reg[5]'
INFO: [Synth 8-3333] propagating constant 0 across sequential element (\seg_man_debug/seg_reg[5] )
INFO: [Synth 8-3886] merging instance 'm_meditation/an_reg[2]' (FDSE) to 'm_meditation/an_reg[3]'
INFO: [Synth 8-3333] propagating constant 1 across sequential element (m_meditation/\an_reg[3] )
INFO: [Synth 8-3886] merging instance 'm_meditation/med_target_freq_reg[0]' (FDRE) to 'm_meditation/med_target_freq_reg[1]'
INFO: [Synth 8-3886] merging instance 'm_meditation/med_target_freq_reg[1]' (FDRE) to 'm_meditation/med_target_freq_reg[2]'
INFO: [Synth 8-3886] merging instance 'm_meditation/med_target_freq_reg[2]' (FDRE) to 'm_meditation/med_target_freq_reg[3]'
INFO: [Synth 8-3886] merging instance 'm_meditation/med_target_freq_reg[3]' (FDRE) to 'm_meditation/med_target_freq_reg[6]'
INFO: [Synth 8-3886] merging instance 'm_meditation/med_target_freq_reg[4]' (FDSE) to 'm_meditation/med_target_freq_reg[7]'
INFO: [Synth 8-3886] merging instance 'm_meditation/med_target_freq_reg[5]' (FDRE) to 'm_meditation/med_target_freq_reg[9]'
INFO: [Synth 8-3886] merging instance 'm_meditation/med_target_freq_reg[6]' (FDRE) to 'm_meditation/med_target_freq_reg[10]'
INFO: [Synth 8-3886] merging instance 'm_meditation/med_target_freq_reg[10]' (FDRE) to 'm_meditation/med_target_freq_reg[11]'
INFO: [Synth 8-3886] merging instance 'm_meditation/med_target_freq_reg[11]' (FDRE) to 'm_meditation/med_target_freq_reg[12]'
INFO: [Synth 8-3886] merging instance 'm_meditation/med_target_freq_reg[12]' (FDRE) to 'm_meditation/med_target_freq_reg[13]'
INFO: [Synth 8-3886] merging instance 'm_meditation/med_target_freq_reg[13]' (FDRE) to 'm_meditation/med_target_freq_reg[14]'
INFO: [Synth 8-3886] merging instance 'm_meditation/med_target_freq_reg[14]' (FDRE) to 'm_meditation/med_target_freq_reg[15]'
INFO: [Synth 8-3333] propagating constant 0 across sequential element (m_meditation/\med_target_freq_reg[15] )
INFO: [Synth 8-3333] propagating constant 0 across sequential element (m_meditation/\med_state_reg[1] )
WARNING: [Synth 8-3332] Sequential element (med_state_reg[1]) is unused and will be removed from module meditation.
WARNING: [Synth 8-3332] Sequential element (med_chosen_difficulty_reg[1]) is unused and will be removed from module meditation.
WARNING: [Synth 8-3332] Sequential element (med_target_freq_reg[15]) is unused and will be removed from module meditation.
WARNING: [Synth 8-3332] Sequential element (an_reg[3]) is unused and will be removed from module meditation.
INFO: [Synth 8-3886] merging instance 'seg_man_menu/seg_reg[6]' (FDE) to 'seg_man_menu/an_reg[2]'
INFO: [Synth 8-5546] ROM "fsm_next_state0" won't be mapped to RAM because it is too sparse
INFO: [Synth 8-5546] ROM "fsm_next_state0" won't be mapped to RAM because it is too sparse
---------------------------------------------------------------------------------
Finished Cross Boundary and Area Optimization : Time (s): cpu = 00:03:06 ; elapsed = 00:03:54 . Memory (MB): peak = 918.324 ; gain = 661.691
---------------------------------------------------------------------------------
---------------------------------------------------------------------------------
Start ROM, RAM, DSP and Shift Register Reporting
---------------------------------------------------------------------------------

ROM:
+------------+------------+---------------+----------------+
|Module Name | RTL Object | Depth x Width | Implemented As | 
+------------+------------+---------------+----------------+
|test_mod    | p_0_out    | 8192x16       | LUT            | 
|test_mod    | p_0_out    | 8192x16       | LUT            | 
|test_mod    | p_0_out    | 8192x16       | LUT            | 
|test_mod    | p_0_out    | 8192x16       | LUT            | 
|test_mod    | p_0_out    | 8192x16       | LUT            | 
|test_mod    | p_0_out    | 8192x16       | LUT            | 
|test_mod    | p_0_out    | 8192x16       | LUT            | 
|test_mod    | p_0_out    | 8192x16       | LUT            | 
|test_mod    | p_0_out    | 8192x16       | LUT            | 
|test_mod    | p_0_out    | 8192x16       | LUT            | 
|test_mod    | p_0_out    | 8192x16       | LUT            | 
|test_mod    | p_0_out    | 8192x16       | LUT            | 
|test_mod    | p_0_out    | 8192x16       | LUT            | 
|test_mod    | p_0_out    | 8192x16       | LUT            | 
|test_mod    | p_0_out    | 8192x16       | LUT            | 
|test_mod    | p_0_out    | 8192x16       | LUT            | 
|test_mod    | p_0_out    | 8192x16       | LUT            | 
|test_mod    | p_0_out    | 8192x16       | LUT            | 
|test_mod    | p_0_out    | 8192x16       | LUT            | 
|test_mod    | p_0_out    | 8192x16       | LUT            | 
|test_mod    | p_0_out    | 8192x16       | LUT            | 
|test_mod    | p_0_out    | 8192x16       | LUT            | 
|Top_Student | p_0_out    | 8192x16       | LUT            | 
|Top_Student | p_0_out    | 8192x16       | LUT            | 
|Top_Student | p_0_out    | 8192x16       | LUT            | 
|Top_Student | p_0_out    | 8192x16       | LUT            | 
|Top_Student | p_0_out    | 8192x16       | LUT            | 
|Top_Student | p_0_out    | 8192x16       | LUT            | 
|Top_Student | p_0_out    | 8192x16       | LUT            | 
|Top_Student | p_0_out    | 8192x16       | LUT            | 
|Top_Student | p_0_out    | 8192x16       | LUT            | 
+------------+------------+---------------+----------------+


DSP: Preliminary Mapping  Report (see note below)
+------------+----------------+--------+--------+--------+--------+--------+------+------+------+------+-------+------+------+
|Module Name | DSP Mapping    | A Size | B Size | C Size | D Size | P Size | AREG | BREG | CREG | DREG | ADREG | MREG | PREG | 
+------------+----------------+--------+--------+--------+--------+--------+------+------+------+------+-------+------+------+
|freq_cnt    | (A2*(B:0xc8))' | 16     | 8      | -      | -      | 17     | 1    | 0    | -    | -    | -     | 1    | 0    | 
+------------+----------------+--------+--------+--------+--------+--------+------+------+------+------+-------+------+------+

Note: The table above is a preliminary report that shows the DSPs inferred at the current stage of the synthesis flow. Some DSP may be reimplemented as non DSP primitives later in the synthesis flow. Multiple instantiated DSPs are reported only once.
---------------------------------------------------------------------------------
Finished ROM, RAM, DSP and Shift Register Reporting
---------------------------------------------------------------------------------

Report RTL Partitions: 
+------+------------------+------------+----------+
|      |RTL Partition     |Replication |Instances |
+------+------------------+------------+----------+
|1     |test_mod__GB0     |           1|      8035|
|2     |test_mod__GB1     |           1|       552|
|3     |test_mod__GB2     |           1|     10328|
|4     |test_mod__GB3     |           1|      2090|
|5     |test_mod__GB4     |           1|      3485|
|6     |Top_Student__GCB0 |           1|     11596|
|7     |Top_Student__GCB1 |           1|      8734|
+------+------------------+------------+----------+
---------------------------------------------------------------------------------
Start Applying XDC Timing Constraints
---------------------------------------------------------------------------------
---------------------------------------------------------------------------------
Finished Applying XDC Timing Constraints : Time (s): cpu = 00:03:19 ; elapsed = 00:04:08 . Memory (MB): peak = 1003.949 ; gain = 747.316
---------------------------------------------------------------------------------
---------------------------------------------------------------------------------
Start Timing Optimization
---------------------------------------------------------------------------------
---------------------------------------------------------------------------------
Finished Timing Optimization : Time (s): cpu = 00:03:58 ; elapsed = 00:04:47 . Memory (MB): peak = 1259.703 ; gain = 1003.070
---------------------------------------------------------------------------------

Report RTL Partitions: 
+------+------------------+------------+----------+
|      |RTL Partition     |Replication |Instances |
+------+------------------+------------+----------+
|1     |test_mod__GB0     |           1|      8035|
|2     |test_mod__GB1     |           1|       552|
|3     |test_mod__GB4     |           1|      3485|
|4     |Top_Student__GCB1 |           1|      8734|
|5     |Top_Student_GT0   |           1|     24152|
+------+------------------+------------+----------+
---------------------------------------------------------------------------------
Start Technology Mapping
---------------------------------------------------------------------------------
---------------------------------------------------------------------------------
Finished Technology Mapping : Time (s): cpu = 00:04:03 ; elapsed = 00:05:11 . Memory (MB): peak = 1259.703 ; gain = 1003.070
---------------------------------------------------------------------------------

Report RTL Partitions: 
+------+------------------+------------+----------+
|      |RTL Partition     |Replication |Instances |
+------+------------------+------------+----------+
|1     |test_mod__GB0     |           1|      3102|
|2     |test_mod__GB1     |           1|       216|
|3     |test_mod__GB4     |           1|      1646|
|4     |Top_Student__GCB1 |           1|      3663|
|5     |Top_Student_GT0   |           1|     11742|
+------+------------------+------------+----------+
---------------------------------------------------------------------------------
Start IO Insertion
---------------------------------------------------------------------------------
---------------------------------------------------------------------------------
Start Flattening Before IO Insertion
---------------------------------------------------------------------------------
---------------------------------------------------------------------------------
Finished Flattening Before IO Insertion
---------------------------------------------------------------------------------
---------------------------------------------------------------------------------
Start Final Netlist Cleanup
---------------------------------------------------------------------------------
INFO: [Synth 8-3886] merging instance 'seg_man_debug/cnt_reg[0]' (FD) to 'seg_man_debug/seg_reg[1]'
---------------------------------------------------------------------------------
Finished Final Netlist Cleanup
---------------------------------------------------------------------------------
---------------------------------------------------------------------------------
Finished IO Insertion : Time (s): cpu = 00:04:08 ; elapsed = 00:05:16 . Memory (MB): peak = 1259.703 ; gain = 1003.070
---------------------------------------------------------------------------------

Report Check Netlist: 
+------+------------------+-------+---------+-------+------------------+
|      |Item              |Errors |Warnings |Status |Description       |
+------+------------------+-------+---------+-------+------------------+
|1     |multi_driven_nets |      0|        0|Passed |Multi driven nets |
+------+------------------+-------+---------+-------+------------------+
---------------------------------------------------------------------------------
Start Renaming Generated Instances
---------------------------------------------------------------------------------
---------------------------------------------------------------------------------
Finished Renaming Generated Instances : Time (s): cpu = 00:04:08 ; elapsed = 00:05:16 . Memory (MB): peak = 1259.703 ; gain = 1003.070
---------------------------------------------------------------------------------

Report RTL Partitions: 
+-+--------------+------------+----------+
| |RTL Partition |Replication |Instances |
+-+--------------+------------+----------+
+-+--------------+------------+----------+
---------------------------------------------------------------------------------
Start Rebuilding User Hierarchy
---------------------------------------------------------------------------------
---------------------------------------------------------------------------------
Finished Rebuilding User Hierarchy : Time (s): cpu = 00:04:09 ; elapsed = 00:05:17 . Memory (MB): peak = 1259.703 ; gain = 1003.070
---------------------------------------------------------------------------------
---------------------------------------------------------------------------------
Start Renaming Generated Ports
---------------------------------------------------------------------------------
---------------------------------------------------------------------------------
Finished Renaming Generated Ports : Time (s): cpu = 00:04:09 ; elapsed = 00:05:17 . Memory (MB): peak = 1259.703 ; gain = 1003.070
---------------------------------------------------------------------------------
---------------------------------------------------------------------------------
Start Handling Custom Attributes
---------------------------------------------------------------------------------
---------------------------------------------------------------------------------
Finished Handling Custom Attributes : Time (s): cpu = 00:04:16 ; elapsed = 00:05:24 . Memory (MB): peak = 1259.703 ; gain = 1003.070
---------------------------------------------------------------------------------
---------------------------------------------------------------------------------
Start Renaming Generated Nets
---------------------------------------------------------------------------------
---------------------------------------------------------------------------------
Finished Renaming Generated Nets : Time (s): cpu = 00:04:16 ; elapsed = 00:05:24 . Memory (MB): peak = 1259.703 ; gain = 1003.070
---------------------------------------------------------------------------------
---------------------------------------------------------------------------------
Start Writing Synthesis Report
---------------------------------------------------------------------------------

Report BlackBoxes: 
+-+--------------+----------+
| |BlackBox name |Instances |
+-+--------------+----------+
+-+--------------+----------+

Report Cell Usage: 
+------+--------+------+
|      |Cell    |Count |
+------+--------+------+
|1     |BUFG    |     6|
|2     |CARRY4  |   220|
|3     |DSP48E1 |     1|
|4     |LUT1    |    51|
|5     |LUT2    |   697|
|6     |LUT3    |   797|
|7     |LUT4    |  1044|
|8     |LUT5    |  3638|
|9     |LUT6    | 11503|
|10    |MUXF7   |  1429|
|11    |MUXF8   |   212|
|12    |FDE_1   |    32|
|13    |FDRE    |   920|
|14    |IBUF    |     9|
|15    |OBUF    |    36|
|16    |OBUFT   |     1|
+------+--------+------+

Report Instance Areas: 
+------+----------------+----------------+------+
|      |Instance        |Module          |Cells |
+------+----------------+----------------+------+
|1     |top             |                | 20596|
|2     |  m_border_ctl  |oled_border_ctl |   183|
|3     |  m_freq_cnt    |freq_cnt        |   145|
|4     |  m_meditation  |meditation      |   170|
|5     |    my_clk      |clk_sel_6       |    52|
|6     |  m_rectagles   |oled_rectangles |   186|
|7     |  mic_in        |Audio_Capture   |    96|
|8     |  mode2         |test_mod        |  3989|
|9     |    my_clk      |clk_sel_5       |    63|
|10    |  my_oled_unit  |Oled_Display    | 15191|
|11    |  s_clk_12p5mhz |clk_sel         |    50|
|12    |  s_clk_20khz   |clk_sel_0       |    52|
|13    |  s_clk_25mhz   |clk_sel_1       |    50|
|14    |  s_clk_50khz   |clk_sel_2       |    53|
|15    |  s_clk_6p25mhz |clk_sel_3       |    51|
|16    |  seg_man_debug |seg_manual      |    24|
|17    |  seg_man_menu  |seg_manual_4    |    22|
+------+----------------+----------------+------+
---------------------------------------------------------------------------------
Finished Writing Synthesis Report : Time (s): cpu = 00:04:16 ; elapsed = 00:05:24 . Memory (MB): peak = 1259.703 ; gain = 1003.070
---------------------------------------------------------------------------------
Synthesis finished with 0 errors, 0 critical warnings and 26 warnings.
Synthesis Optimization Runtime : Time (s): cpu = 00:04:03 ; elapsed = 00:05:16 . Memory (MB): peak = 1259.703 ; gain = 685.918
Synthesis Optimization Complete : Time (s): cpu = 00:04:16 ; elapsed = 00:05:25 . Memory (MB): peak = 1259.703 ; gain = 1003.070
INFO: [Project 1-571] Translating synthesized netlist
INFO: [Netlist 29-17] Analyzing 1903 Unisim elements for replacement
INFO: [Netlist 29-28] Unisim Transformation completed in 0 CPU seconds
INFO: [Project 1-570] Preparing netlist for logic optimization
INFO: [Opt 31-138] Pushed 0 inverter(s) to 0 load pin(s).
INFO: [Project 1-111] Unisim Transformation Summary:
  A total of 32 instances were transformed.
  FDE_1 => FDRE (inverted pins: C): 32 instances

INFO: [Common 17-83] Releasing license: Synthesis
202 Infos, 112 Warnings, 0 Critical Warnings and 0 Errors encountered.
synth_design completed successfully
synth_design: Time (s): cpu = 00:04:21 ; elapsed = 00:05:30 . Memory (MB): peak = 1259.703 ; gain = 1016.258
WARNING: [Constraints 18-5210] No constraint will be written out.
INFO: [Common 17-1381] The checkpoint 'C:/Users/nicho/Desktop/SoundDisplay/SoundDisplay.runs/synth_1/Top_Student.dcp' has been generated.
INFO: [runtcl-4] Executing : report_utilization -file Top_Student_utilization_synth.rpt -pb Top_Student_utilization_synth.pb
report_utilization: Time (s): cpu = 00:00:00 ; elapsed = 00:00:00.105 . Memory (MB): peak = 1259.703 ; gain = 0.000
INFO: [Common 17-206] Exiting Vivado at Tue Nov  1 02:30:44 2022...
