#-----------------------------------------------------------
# Vivado v2018.2 (64-bit)
# SW Build 2258646 on Thu Jun 14 20:03:12 MDT 2018
# IP Build 2256618 on Thu Jun 14 22:10:49 MDT 2018
# Start of session at: Sat Dec 10 17:39:52 2022
# Process ID: 14568
# Current directory: C:/Lip Kuang/NUS/Year 2/Y2S1/EE2026/Lab/Project/Submission for Project/S1_05_Chng Lip Kuang_Yek Jin Teck Nicholas_Archive.xpr/SoundDisplay
# Command line: vivado.exe -gui_launcher_event rodinguilauncherevent35004 C:\Lip Kuang\NUS\Year 2\Y2S1\EE2026\Lab\Project\Submission for Project\S1_05_Chng Lip Kuang_Yek Jin Teck Nicholas_Archive.xpr\SoundDisplay\SoundDisplay.xpr
# Log file: C:/Lip Kuang/NUS/Year 2/Y2S1/EE2026/Lab/Project/Submission for Project/S1_05_Chng Lip Kuang_Yek Jin Teck Nicholas_Archive.xpr/SoundDisplay/vivado.log
# Journal file: C:/Lip Kuang/NUS/Year 2/Y2S1/EE2026/Lab/Project/Submission for Project/S1_05_Chng Lip Kuang_Yek Jin Teck Nicholas_Archive.xpr/SoundDisplay\vivado.jou
#-----------------------------------------------------------
start_gui
open_project {C:/Lip Kuang/NUS/Year 2/Y2S1/EE2026/Lab/Project/Submission for Project/S1_05_Chng Lip Kuang_Yek Jin Teck Nicholas_Archive.xpr/SoundDisplay/SoundDisplay.xpr}
INFO: [ProjectBase 1-489] The host OS only allows 260 characters in a normal path. The project is stored in a path with more than 80 characters. If you experience issues with IP, Block Designs, or files not being found, please consider moving the project to a location with a shorter path. Alternately consider using the OS subst command to map part of the path to a drive letter.
Current project path is 'C:/Lip Kuang/NUS/Year 2/Y2S1/EE2026/Lab/Project/Submission for Project/S1_05_Chng Lip Kuang_Yek Jin Teck Nicholas_Archive.xpr/SoundDisplay'
INFO: [Project 1-313] Project file moved from 'C:/Users/nicho/Desktop/SoundDisplay/.Xil/Vivado-15084-LAPTOP-A68MG3HE/PrjAr/_X_' since last save.
CRITICAL WARNING: [Project 1-311] Could not find the file 'C:/Lip Kuang/NUS/Year 2/Y2S1/EE2026/Lab/Project/Submission for Project/S1_05_Chng Lip Kuang_Yek Jin Teck Nicholas_Archive.xpr/SoundDisplay/SoundDisplay.srcs/sources_1/imports/nichyjt/2_NUS/EE2026_Lab/Project/SoundDisplay/SoundDisplay.srcs/sources_1/new/med_medium.mem', nor could it be found using path 'C:/Users/nicho/Desktop/SoundDisplay/.Xil/Vivado-15084-LAPTOP-A68MG3HE/PrjAr/_X_/SoundDisplay.srcs/sources_1/imports/nichyjt/2_NUS/EE2026_Lab/Project/SoundDisplay/SoundDisplay.srcs/sources_1/new/med_medium.mem'.
CRITICAL WARNING: [Project 1-311] Could not find the file 'C:/Lip Kuang/NUS/Year 2/Y2S1/EE2026/Lab/Project/Submission for Project/S1_05_Chng Lip Kuang_Yek Jin Teck Nicholas_Archive.xpr/SoundDisplay/SoundDisplay.srcs/sources_1/imports/nichyjt/2_NUS/EE2026_Lab/Project/SoundDisplay/SoundDisplay.srcs/sources_1/new/med_done.mem', nor could it be found using path 'C:/Users/nicho/Desktop/SoundDisplay/.Xil/Vivado-15084-LAPTOP-A68MG3HE/PrjAr/_X_/SoundDisplay.srcs/sources_1/imports/nichyjt/2_NUS/EE2026_Lab/Project/SoundDisplay/SoundDisplay.srcs/sources_1/new/med_done.mem'.
CRITICAL WARNING: [Project 1-311] Could not find the file 'C:/Lip Kuang/NUS/Year 2/Y2S1/EE2026/Lab/Project/Submission for Project/S1_05_Chng Lip Kuang_Yek Jin Teck Nicholas_Archive.xpr/SoundDisplay/SoundDisplay.srcs/sources_1/imports/nichyjt/2_NUS/EE2026_Lab/Project/SoundDisplay/SoundDisplay.srcs/sources_1/new/med_higher.mem', nor could it be found using path 'C:/Users/nicho/Desktop/SoundDisplay/.Xil/Vivado-15084-LAPTOP-A68MG3HE/PrjAr/_X_/SoundDisplay.srcs/sources_1/imports/nichyjt/2_NUS/EE2026_Lab/Project/SoundDisplay/SoundDisplay.srcs/sources_1/new/med_higher.mem'.
CRITICAL WARNING: [Project 1-311] Could not find the file 'C:/Lip Kuang/NUS/Year 2/Y2S1/EE2026/Lab/Project/Submission for Project/S1_05_Chng Lip Kuang_Yek Jin Teck Nicholas_Archive.xpr/SoundDisplay/SoundDisplay.srcs/sources_1/imports/nichyjt/2_NUS/EE2026_Lab/Project/SoundDisplay/SoundDisplay.srcs/sources_1/new/med_lower.mem', nor could it be found using path 'C:/Users/nicho/Desktop/SoundDisplay/.Xil/Vivado-15084-LAPTOP-A68MG3HE/PrjAr/_X_/SoundDisplay.srcs/sources_1/imports/nichyjt/2_NUS/EE2026_Lab/Project/SoundDisplay/SoundDisplay.srcs/sources_1/new/med_lower.mem'.
CRITICAL WARNING: [Project 1-311] Could not find the file 'C:/Lip Kuang/NUS/Year 2/Y2S1/EE2026/Lab/Project/Submission for Project/S1_05_Chng Lip Kuang_Yek Jin Teck Nicholas_Archive.xpr/SoundDisplay/SoundDisplay.srcs/sources_1/imports/nichyjt/2_NUS/EE2026_Lab/Project/SoundDisplay/SoundDisplay.srcs/sources_1/new/med_maintain.mem', nor could it be found using path 'C:/Users/nicho/Desktop/SoundDisplay/.Xil/Vivado-15084-LAPTOP-A68MG3HE/PrjAr/_X_/SoundDisplay.srcs/sources_1/imports/nichyjt/2_NUS/EE2026_Lab/Project/SoundDisplay/SoundDisplay.srcs/sources_1/new/med_maintain.mem'.
CRITICAL WARNING: [Project 1-311] Could not find the file 'C:/Lip Kuang/NUS/Year 2/Y2S1/EE2026/Lab/Project/Submission for Project/S1_05_Chng Lip Kuang_Yek Jin Teck Nicholas_Archive.xpr/SoundDisplay/SoundDisplay.srcs/sources_1/imports/nichyjt/2_NUS/EE2026_Lab/Project/SoundDisplay/SoundDisplay.srcs/sources_1/new/med_easy.mem', nor could it be found using path 'C:/Users/nicho/Desktop/SoundDisplay/.Xil/Vivado-15084-LAPTOP-A68MG3HE/PrjAr/_X_/SoundDisplay.srcs/sources_1/imports/nichyjt/2_NUS/EE2026_Lab/Project/SoundDisplay/SoundDisplay.srcs/sources_1/new/med_easy.mem'.
CRITICAL WARNING: [Project 1-311] Could not find the file 'C:/Lip Kuang/NUS/Year 2/Y2S1/EE2026/Lab/Project/Submission for Project/S1_05_Chng Lip Kuang_Yek Jin Teck Nicholas_Archive.xpr/SoundDisplay/SoundDisplay.srcs/sources_1/imports/nichyjt/2_NUS/EE2026_Lab/Project/SoundDisplay/SoundDisplay.srcs/sources_1/new/med_hard.mem', nor could it be found using path 'C:/Users/nicho/Desktop/SoundDisplay/.Xil/Vivado-15084-LAPTOP-A68MG3HE/PrjAr/_X_/SoundDisplay.srcs/sources_1/imports/nichyjt/2_NUS/EE2026_Lab/Project/SoundDisplay/SoundDisplay.srcs/sources_1/new/med_hard.mem'.
Scanning sources...
Finished scanning sources
INFO: [IP_Flow 19-234] Refreshing IP repositories
INFO: [IP_Flow 19-1704] No user IP repositories specified
INFO: [IP_Flow 19-2313] Loaded Vivado IP repository 'C:/Xilinx/Vivado/2018.2/data/ip'.
update_compile_order -fileset sources_1
exit
INFO: [Common 17-206] Exiting Vivado at Sat Dec 10 17:40:37 2022...
